<?xml version="1.0" encoding="UTF-8" ?>
<testsuite name="cxxtest" date="Wed Dec 17 10:18:58 2014" tests="3" errors="0" failures="0" time="0" >
    <testcase classname="ReverseStringTest" name="test_Unit_Test_1" line="16">
        <warning line="17" >Test skipping is not supported without exception handling.</warning>
    </testcase>
    <testcase classname="ReverseStringTest" name="test_Unit_Test_2" line="21" />
    <testcase classname="ReverseStringTest" name="test_Unit_Test_3" line="33" />
</testsuite>
